<?xml version="1.0" encoding="UTF-8"?>
<!-- Generated by org.testng.reporters.JUnitXMLReporter -->
<testsuite hostname="Manohar" ignored="0" name="Default test" tests="3" failures="0" timestamp="2021-03-12T21:16:43 IST" time="109.368" errors="0">
  <testcase name="validateCreatenewContact" time="16.437" classname="com.CRM.TestCases.ContactsPageTest"/>
  <testcase name="validateCreatenewContact" time="12.732" classname="com.CRM.TestCases.ContactsPageTest"/>
  <testcase name="validateCreatenewContact" time="12.085" classname="com.CRM.TestCases.ContactsPageTest"/>
</testsuite> <!-- Default test -->
