<?xml version="1.0" encoding="UTF-8"?>
<!-- Generated by org.testng.reporters.JUnitXMLReporter -->
<testsuite hostname="Manohar" ignored="0" name="Test" tests="9" failures="1" timestamp="2021-06-01T17:20:51 IST" time="179.816" errors="0">
  <testcase name="verifyHomePageTitleTest" time="0.024" classname="com.CRM.TestCases.HomePageTest"/>
  <testcase name="verifyUserNameTest" time="0.54" classname="com.CRM.TestCases.HomePageTest"/>
  <testcase name="verifyContactsLinkTest" time="1.876" classname="com.CRM.TestCases.HomePageTest"/>
  <testcase name="validateCreatenewContact" time="5.169" classname="com.CRM.TestCases.ContactsPageTest"/>
  <testcase name="validateCreatenewContact" time="4.683" classname="com.CRM.TestCases.ContactsPageTest"/>
  <testcase name="validateCreatenewContact" time="5.118" classname="com.CRM.TestCases.ContactsPageTest"/>
  <testcase name="loginPageTitleTest" time="0.014" classname="com.CRM.TestCases.LoginPageTest">
    <failure type="java.lang.AssertionError" message="expected [CRMPRO - CRM software for customer relationship management, sales, and support.] but found [Free CRM - CRM software for customer relationship management, sales, and support.]">
      <![CDATA[java.lang.AssertionError: expected [CRMPRO - CRM software for customer relationship management, sales, and support.] but found [Free CRM - CRM software for customer relationship management, sales, and support.]
at com.CRM.TestCases.LoginPageTest.loginPageTitleTest(LoginPageTest.java:28)
at java.util.ArrayList.forEach(Unknown Source)
... Removed 33 stack frames]]>
    </failure>
  </testcase> <!-- loginPageTitleTest -->
  <testcase name="crmLogoImageTest" time="0.067" classname="com.CRM.TestCases.LoginPageTest"/>
  <testcase name="loginTest" time="6.387" classname="com.CRM.TestCases.LoginPageTest"/>
</testsuite> <!-- Test -->
